  1.结构体.cpp
C:\C++练习\1.结构体\1.结构体.cpp(16,57): error C2440: “初始化”: 无法从“const char [6]”转换为“int”
C:\C++练习\1.结构体\1.结构体.cpp(16,28): message : 没有使该转换得以执行的上下文
C:\C++练习\1.结构体\1.结构体.cpp(16,43): warning C4838: 从“double”转换到“char”需要收缩转换
C:\C++练习\1.结构体\1.结构体.cpp(16,43): warning C4244: “初始化”: 从“double”转换到“char”，可能丢失数据
C:\C++练习\1.结构体\1.结构体.cpp(7,10): error C2078: 初始值设定项太多
C:\C++练习\1.结构体\1.结构体.cpp(19,10): error C2065: “i”: 未声明的标识符
C:\C++练习\1.结构体\1.结构体.cpp(19,17): error C2065: “i”: 未声明的标识符
C:\C++练习\1.结构体\1.结构体.cpp(19,24): error C2065: “i”: 未声明的标识符
C:\C++练习\1.结构体\1.结构体.cpp(20,40): error C2065: “i”: 未声明的标识符
C:\C++练习\1.结构体\1.结构体.cpp(20,53): error C2065: “i”: 未声明的标识符
C:\C++练习\1.结构体\1.结构体.cpp(20,68): error C2065: “i”: 未声明的标识符
C:\C++练习\1.结构体\1.结构体.cpp(20,81): error C2065: “i”: 未声明的标识符
C:\C++练习\1.结构体\1.结构体.cpp(20,95): error C2065: “i”: 未声明的标识符
C:\C++练习\1.结构体\1.结构体.cpp(20,111): error C2065: “i”: 未声明的标识符
C:\C++练习\1.结构体\1.结构体.cpp(20,15): warning C4473: “scanf”: 没有为格式字符串传递足够的参数
C:\C++练习\1.结构体\1.结构体.cpp(20,15): message : 占位符和其参数预计 5 可变参数，但提供的却是 0 参数
C:\C++练习\1.结构体\1.结构体.cpp(20,15): message : 缺失的可变参数 1 为格式字符串“%d”所需
C:\C++练习\1.结构体\1.结构体.cpp(23,10): error C2065: “i”: 未声明的标识符
C:\C++练习\1.结构体\1.结构体.cpp(23,17): error C2065: “i”: 未声明的标识符
C:\C++练习\1.结构体\1.结构体.cpp(23,24): error C2065: “i”: 未声明的标识符
C:\C++练习\1.结构体\1.结构体.cpp(24,47): error C2065: “i”: 未声明的标识符
C:\C++练习\1.结构体\1.结构体.cpp(24,60): error C2065: “i”: 未声明的标识符
C:\C++练习\1.结构体\1.结构体.cpp(24,74): error C2065: “i”: 未声明的标识符
C:\C++练习\1.结构体\1.结构体.cpp(24,87): error C2065: “i”: 未声明的标识符
C:\C++练习\1.结构体\1.结构体.cpp(24,100): error C2065: “i”: 未声明的标识符
C:\C++练习\1.结构体\1.结构体.cpp(24,115): error C2065: “i”: 未声明的标识符
C:\C++练习\1.结构体\1.结构体.cpp(24,16): warning C4473: “printf”: 没有为格式字符串传递足够的参数
C:\C++练习\1.结构体\1.结构体.cpp(24,16): message : 占位符和其参数预计 6 可变参数，但提供的却是 0 参数
C:\C++练习\1.结构体\1.结构体.cpp(24,16): message : 缺失的可变参数 1 为格式字符串“%d”所需
C:\C++练习\1.结构体\1.结构体.cpp(20,9): error C4996: 'scanf': This function or variable may be unsafe. Consider using scanf_s instead. To disable deprecation, use _CRT_SECURE_NO_WARNINGS. See online help for details.
